app/build/intermediates/manifest_merge_blame_file/debug/manifest-merger-blame-debug-report.txt
1<?xml version="1.0" encoding="utf-8"?>
2<manifest xmlns:android="http://schemas.android.com/apk/res/android"
3    package="com.example.qualitytestforandroid"
4    android:versionCode="2"
5    android:versionName="1.1" >
6
7    <uses-sdk
8        android:minSdkVersion="26"
8-->src\main\AndroidManifest.xml
9        android:targetSdkVersion="33" />
9-->src\main\AndroidManifest.xml
10
11    <uses-permission android:name="android.permission.READ_EXTERNAL_STORAGE" />
11-->src\main\AndroidManifest.xml:5:5-80
11-->src\main\AndroidManifest.xml:5:22-77
12    <uses-permission android:name="android.permission.WRITE_EXTERNAL_STORAGE" />
12-->src\main\AndroidManifest.xml:6:5-81
12-->src\main\AndroidManifest.xml:6:22-78
13
14    <application
14-->src\main\AndroidManifest.xml:8:5-84:19
15        android:allowBackup="true"
15-->src\main\AndroidManifest.xml:9:9-35
16        android:appComponentFactory="androidx.core.app.CoreComponentFactory"
16-->[androidx.core:core:1.7.0] AndroidManifest.xml:24:18-86
17        android:debuggable="true"
18        android:extractNativeLibs="false"
19        android:icon="@mipmap/ic_launcher"
19-->src\main\AndroidManifest.xml:10:9-43
20        android:label="@string/app_name"
20-->src\main\AndroidManifest.xml:11:9-41
21        android:roundIcon="@mipmap/ic_launcher_round"
21-->src\main\AndroidManifest.xml:12:9-54
22        android:supportsRtl="true"
22-->src\main\AndroidManifest.xml:13:9-35
23        android:theme="@style/Theme.MaterialComponents.Light.DarkActionBar" >
23-->src\main\AndroidManifest.xml:14:9-76
24        <activity
24-->src\main\AndroidManifest.xml:16:9-27:20
25            android:name="com.example.qualitytestforandroid.LoginActivity"
25-->src\main\AndroidManifest.xml:17:13-42
26            android:configChanges="orientation|screenSize|screenLayout|keyboardHidden"
26-->src\main\AndroidManifest.xml:22:13-87
27            android:exported="true"
27-->src\main\AndroidManifest.xml:18:13-36
28            android:launchMode="singleTask"
28-->src\main\AndroidManifest.xml:19:13-44
29            android:screenOrientation="landscape"
29-->src\main\AndroidManifest.xml:20:13-50
30            android:windowSoftInputMode="adjustResize" >
30-->src\main\AndroidManifest.xml:21:13-55
31            <intent-filter>
31-->src\main\AndroidManifest.xml:23:13-26:29
32                <action android:name="android.intent.action.MAIN" />
32-->src\main\AndroidManifest.xml:24:17-69
32-->src\main\AndroidManifest.xml:24:25-66
33
34                <category android:name="android.intent.category.LAUNCHER" />
34-->src\main\AndroidManifest.xml:25:17-77
34-->src\main\AndroidManifest.xml:25:27-74
35            </intent-filter>
36        </activity>
37        <activity
37-->src\main\AndroidManifest.xml:29:9-34:90
38            android:name="com.example.qualitytestforandroid.MainActivity"
38-->src\main\AndroidManifest.xml:30:13-41
39            android:configChanges="orientation|screenSize|screenLayout|keyboardHidden"
39-->src\main\AndroidManifest.xml:34:13-87
40            android:exported="false"
40-->src\main\AndroidManifest.xml:31:13-37
41            android:launchMode="singleTop"
41-->src\main\AndroidManifest.xml:32:13-43
42            android:screenOrientation="landscape" />
42-->src\main\AndroidManifest.xml:33:13-50
43        <activity
43-->src\main\AndroidManifest.xml:36:9-40:45
44            android:name="com.example.qualitytestforandroid.AdminLoginActivity"
44-->src\main\AndroidManifest.xml:37:13-47
45            android:exported="false"
45-->src\main\AndroidManifest.xml:38:13-37
46            android:launchMode="singleTask"
46-->src\main\AndroidManifest.xml:39:13-44
47            android:taskAffinity=".admin" />
47-->src\main\AndroidManifest.xml:40:13-42
48        <activity
48-->src\main\AndroidManifest.xml:42:9-49:45
49            android:name="com.example.qualitytestforandroid.AdminMainActivity"
49-->src\main\AndroidManifest.xml:43:13-46
50            android:clearTaskOnLaunch="false"
50-->src\main\AndroidManifest.xml:47:13-46
51            android:exported="false"
51-->src\main\AndroidManifest.xml:44:13-37
52            android:finishOnTaskLaunch="false"
52-->src\main\AndroidManifest.xml:48:13-47
53            android:launchMode="singleTask"
53-->src\main\AndroidManifest.xml:45:13-44
54            android:parentActivityName="com.example.qualitytestforandroid.AdminLoginActivity"
54-->src\main\AndroidManifest.xml:46:13-61
55            android:taskAffinity=".admin" />
55-->src\main\AndroidManifest.xml:49:13-42
56        <activity
56-->src\main\AndroidManifest.xml:51:9-57:45
57            android:name="com.example.qualitytestforandroid.DefectTypesActivity"
57-->src\main\AndroidManifest.xml:52:13-48
58            android:exported="false"
58-->src\main\AndroidManifest.xml:53:13-37
59            android:launchMode="standard"
59-->src\main\AndroidManifest.xml:54:13-42
60            android:noHistory="false"
60-->src\main\AndroidManifest.xml:56:13-38
61            android:parentActivityName="com.example.qualitytestforandroid.AdminMainActivity"
61-->src\main\AndroidManifest.xml:55:13-60
62            android:taskAffinity=".admin" />
62-->src\main\AndroidManifest.xml:57:13-42
63        <activity
63-->src\main\AndroidManifest.xml:59:9-62:65
64            android:name="com.example.qualitytestforandroid.PhotoLibrarySelectorActivity"
64-->src\main\AndroidManifest.xml:60:13-57
65            android:exported="false"
65-->src\main\AndroidManifest.xml:61:13-37
66            android:parentActivityName="com.example.qualitytestforandroid.DefectTypesActivity" />
66-->src\main\AndroidManifest.xml:62:13-62
67        <activity
67-->src\main\AndroidManifest.xml:64:9-67:74
68            android:name="com.example.qualitytestforandroid.PhotoLibraryActivity"
68-->src\main\AndroidManifest.xml:65:13-49
69            android:exported="false"
69-->src\main\AndroidManifest.xml:66:13-37
70            android:parentActivityName="com.example.qualitytestforandroid.PhotoLibrarySelectorActivity" />
70-->src\main\AndroidManifest.xml:67:13-71
71        <activity
71-->src\main\AndroidManifest.xml:69:9-72:53
72            android:name="com.example.qualitytestforandroid.ExportRecordsActivity"
72-->src\main\AndroidManifest.xml:70:13-50
73            android:exported="false"
73-->src\main\AndroidManifest.xml:71:13-37
74            android:screenOrientation="landscape" />
74-->src\main\AndroidManifest.xml:72:13-50
75        <activity
75-->src\main\AndroidManifest.xml:74:9-77:81
76            android:name="com.example.qualitytestforandroid.ui.ChartDisplayActivity"
76-->src\main\AndroidManifest.xml:75:13-52
77            android:label="质量测试统计"
77-->src\main\AndroidManifest.xml:76:13-35
78            android:theme="@style/Theme.MaterialComponents.Light.NoActionBar" />
78-->src\main\AndroidManifest.xml:77:13-78
79        <activity
79-->src\main\AndroidManifest.xml:79:9-83:90
80            android:name="com.example.qualitytestforandroid.ui.ProductionLineActivity"
80-->src\main\AndroidManifest.xml:80:13-54
81            android:configChanges="orientation|screenSize|screenLayout|keyboardHidden"
81-->src\main\AndroidManifest.xml:83:13-87
82            android:exported="false"
82-->src\main\AndroidManifest.xml:81:13-37
83            android:screenOrientation="landscape" />
83-->src\main\AndroidManifest.xml:82:13-50
84
85        <provider
85-->[androidx.emoji2:emoji2:1.0.0] AndroidManifest.xml:26:9-34:20
86            android:name="androidx.startup.InitializationProvider"
86-->[androidx.emoji2:emoji2:1.0.0] AndroidManifest.xml:27:13-67
87            android:authorities="com.example.qualitytestforandroid.androidx-startup"
87-->[androidx.emoji2:emoji2:1.0.0] AndroidManifest.xml:28:13-68
88            android:exported="false" >
88-->[androidx.emoji2:emoji2:1.0.0] AndroidManifest.xml:29:13-37
89            <meta-data
89-->[androidx.emoji2:emoji2:1.0.0] AndroidManifest.xml:31:13-33:52
90                android:name="androidx.emoji2.text.EmojiCompatInitializer"
90-->[androidx.emoji2:emoji2:1.0.0] AndroidManifest.xml:32:17-75
91                android:value="androidx.startup" />
91-->[androidx.emoji2:emoji2:1.0.0] AndroidManifest.xml:33:17-49
92            <meta-data
92-->[androidx.lifecycle:lifecycle-process:2.4.0] AndroidManifest.xml:31:13-33:52
93                android:name="androidx.lifecycle.ProcessLifecycleInitializer"
93-->[androidx.lifecycle:lifecycle-process:2.4.0] AndroidManifest.xml:32:17-78
94                android:value="androidx.startup" />
94-->[androidx.lifecycle:lifecycle-process:2.4.0] AndroidManifest.xml:33:17-49
95        </provider>
96    </application>
97
98</manifest>